gyp info it worked if it ends with ok
gyp info using node-gyp@0.13.1
gyp info using node@0.11.12 | darwin | x64
gyp info spawn python
gyp info spawn args [ '/usr/local/lib/node_modules/npm/node_modules/node-gyp/gyp/gyp_main.py',
gyp info spawn args   'binding.gyp',
gyp info spawn args   '-f',
gyp info spawn args   'make',
gyp info spawn args   '-I',
gyp info spawn args   '/Users/thomas/Desktop/hora/hora-models/node_modules/mongodb/node_modules/bson/build/config.gypi',
gyp info spawn args   '-I',
gyp info spawn args   '/usr/local/lib/node_modules/npm/node_modules/node-gyp/addon.gypi',
gyp info spawn args   '-I',
gyp info spawn args   '/Users/thomas/.node-gyp/0.11.12/common.gypi',
gyp info spawn args   '-Dlibrary=shared_library',
gyp info spawn args   '-Dvisibility=default',
gyp info spawn args   '-Dnode_root_dir=/Users/thomas/.node-gyp/0.11.12',
gyp info spawn args   '-Dmodule_root_dir=/Users/thomas/Desktop/hora/hora-models/node_modules/mongodb/node_modules/bson',
gyp info spawn args   '--depth=.',
gyp info spawn args   '--no-parallel',
gyp info spawn args   '--generator-output',
gyp info spawn args   'build',
gyp info spawn args   '-Goutput_dir=.' ]
gyp info spawn make
gyp info spawn args [ 'BUILDTYPE=Release', '-C', 'build' ]
In file included from ../ext/bson.cc:35:
In file included from ../ext/bson.h:17:
../node_modules/nan/nan.h:342:74: error: too many arguments to function call, expected at most 3, have 4
    return v8::Signature::New(v8::Isolate::GetCurrent(), receiver, argc, argv);
           ~~~~~~~~~~~~~~~~~~                                            ^~~~
/Users/thomas/.node-gyp/0.11.12/deps/v8/include/v8.h:3585:3: note: 'New' declared here
  static Local<Signature> New(Handle<FunctionTemplate> receiver =
  ^
In file included from ../ext/bson.cc:35:
In file included from ../ext/bson.h:17:
../node_modules/nan/nan.h:370:27: error: cannot initialize a parameter of type 'int' with an rvalue of type 'v8::Isolate *'
    return v8::Array::New(v8::Isolate::GetCurrent());
                          ^~~~~~~~~~~~~~~~~~~~~~~~~
/Users/thomas/.node-gyp/0.11.12/deps/v8/include/v8.h:2335:31: note: passing argument to parameter 'length' here
  static Local<Array> New(int length = 0);
                              ^
In file included from ../ext/bson.cc:35:
In file included from ../ext/bson.h:17:
../node_modules/nan/nan.h:375:54: error: too many arguments to function call, expected at most single argument 'length', have 2 arguments
    return v8::Array::New(v8::Isolate::GetCurrent(), length);
           ~~~~~~~~~~~~~~                            ^~~~~~
/Users/thomas/.node-gyp/0.11.12/deps/v8/include/v8.h:2335:3: note: 'New' declared here
  static Local<Array> New(int length = 0);
  ^
In file included from ../ext/bson.cc:35:
In file included from ../ext/bson.h:17:
../node_modules/nan/nan.h:380:53: error: too many arguments to function call, expected single argument 'time', have 2 arguments
    return v8::Date::New(v8::Isolate::GetCurrent(), time).As<v8::Date>();
           ~~~~~~~~~~~~~                            ^~~~
/Users/thomas/.node-gyp/0.11.12/deps/v8/include/v8.h:2866:3: note: 'New' declared here
  static Local<Value> New(double time);
  ^
In file included from ../ext/bson.cc:35:
In file included from ../ext/bson.h:17:
../node_modules/nan/nan.h:380:70: error: expected '(' for function-style cast or type construction
    return v8::Date::New(v8::Isolate::GetCurrent(), time).As<v8::Date>();
                                                             ~~~~~~~~^
../node_modules/nan/nan.h:380:72: error: expected expression
    return v8::Date::New(v8::Isolate::GetCurrent(), time).As<v8::Date>();
                                                                       ^
../node_modules/nan/nan.h:385:53: error: too many arguments to function call, expected single argument 'time', have 2 arguments
    return v8::Date::New(v8::Isolate::GetCurrent(), time).As<v8::Date>();
           ~~~~~~~~~~~~~                            ^~~~
/Users/thomas/.node-gyp/0.11.12/deps/v8/include/v8.h:2866:3: note: 'New' declared here
  static Local<Value> New(double time);
  ^
In file included from ../ext/bson.cc:35:
In file included from ../ext/bson.h:17:
../node_modules/nan/nan.h:385:70: error: expected '(' for function-style cast or type construction
    return v8::Date::New(v8::Isolate::GetCurrent(), time).As<v8::Date>();
                                                             ~~~~~~~~^
../node_modules/nan/nan.h:385:72: error: expected expression
    return v8::Date::New(v8::Isolate::GetCurrent(), time).As<v8::Date>();
                                                                       ^
../node_modules/nan/nan.h:388:15: error: no type named 'UnboundScript' in namespace 'v8'
  typedef v8::UnboundScript NanUnboundScript;
          ~~~~^
../node_modules/nan/nan.h:396:9: error: no member named 'ScriptCompiler' in namespace 'v8'
    v8::ScriptCompiler::Source source(s, origin);
    ~~~~^
../node_modules/nan/nan.h:397:16: error: no member named 'ScriptCompiler' in namespace 'v8'
    return v8::ScriptCompiler::CompileUnbound(
           ~~~~^
../node_modules/nan/nan.h:398:37: error: use of undeclared identifier 'source'; did you mean 'v8::Extension::source'?
        v8::Isolate::GetCurrent(), &source);
                                    ^~~~~~
                                    v8::Extension::source
/Users/thomas/.node-gyp/0.11.12/deps/v8/include/v8.h:3712:46: note: 'v8::Extension::source' declared here
  const String::ExternalAsciiStringResource* source() const {
                                             ^
In file included from ../ext/bson.cc:35:
In file included from ../ext/bson.h:17:
../node_modules/nan/nan.h:398:36: error: must explicitly qualify name of member function when taking its address
        v8::Isolate::GetCurrent(), &source);
                                   ^~~~~~~
                                    Extension::
../node_modules/nan/nan.h:405:9: error: no member named 'ScriptCompiler' in namespace 'v8'
    v8::ScriptCompiler::Source source(s);
    ~~~~^
../node_modules/nan/nan.h:406:16: error: no member named 'ScriptCompiler' in namespace 'v8'
    return v8::ScriptCompiler::CompileUnbound(
           ~~~~^
../node_modules/nan/nan.h:407:37: error: use of undeclared identifier 'source'; did you mean 'v8::Extension::source'?
        v8::Isolate::GetCurrent(), &source);
                                    ^~~~~~
                                    v8::Extension::source
/Users/thomas/.node-gyp/0.11.12/deps/v8/include/v8.h:3712:46: note: 'v8::Extension::source' declared here
  const String::ExternalAsciiStringResource* source() const {
                                             ^
In file included from ../ext/bson.cc:35:
In file included from ../ext/bson.h:17:
../node_modules/nan/nan.h:407:36: error: must explicitly qualify name of member function when taking its address
        v8::Isolate::GetCurrent(), &source);
                                   ^~~~~~~
                                    Extension::
../node_modules/nan/nan.h:432:36: error: too many arguments to function call, expected single argument 'value', have 2 arguments
        v8::Isolate::GetCurrent(), val).As<v8::NumberObject>();
                                   ^~~
/Users/thomas/.node-gyp/0.11.12/deps/v8/include/v8.h:2904:3: note: 'New' declared here
  static Local<Value> New(double value);
  ^
fatal error: too many errors emitted, stopping now [-ferror-limit=]
20 errors generated.
make: *** [Release/obj.target/bson/ext/bson.o] Error 1
gyp ERR! build error 
gyp ERR! stack Error: `make` failed with exit code: 2
gyp ERR! stack     at ChildProcess.onExit (/usr/local/lib/node_modules/npm/node_modules/node-gyp/lib/build.js:267:23)
gyp ERR! stack     at ChildProcess.EventEmitter.emit (events.js:107:17)
gyp ERR! stack     at Process.ChildProcess._handle.onexit (child_process.js:1045:12)
gyp ERR! System Darwin 13.3.0
gyp ERR! command "node" "/usr/local/lib/node_modules/npm/node_modules/node-gyp/bin/node-gyp.js" "rebuild"
gyp ERR! cwd /Users/thomas/Desktop/hora/hora-models/node_modules/mongodb/node_modules/bson
gyp ERR! node -v v0.11.12
gyp ERR! node-gyp -v v0.13.1
gyp ERR! not ok 
